2023.07.18 22:43:53 INFO  Started: Metals version 0.11.12 in workspace 'E:\Documents\_FunAndProfit\Coursera\Functional Programming with Scala\Functional Programming Principles in Scala\progfun1-example' for client Visual Studio Code 1.80.1.
Jul 18, 2023 10:43:53 PM org.flywaydb.core.internal.license.VersionPrinter printVersionOnly
INFO: Flyway Community Edition 9.16.3 by Redgate
Jul 18, 2023 10:43:53 PM org.flywaydb.core.internal.license.VersionPrinter printVersion
INFO: See release notes here: https://rd.gt/416ObMi
Jul 18, 2023 10:43:53 PM org.flywaydb.core.internal.license.VersionPrinter printVersion
INFO: 
Jul 18, 2023 10:43:53 PM org.flywaydb.core.internal.database.base.BaseDatabaseType createDatabase
INFO: Database: jdbc:h2:file:E:\Documents\_FunAndProfit\Coursera\Functional Programming with Scala\Functional Programming Principles in Scala\progfun1-example\.metals\metals (H2 2.1)
Jul 18, 2023 10:43:53 PM org.flywaydb.core.internal.schemahistory.JdbcTableSchemaHistory allAppliedMigrations
INFO: Schema history table "PUBLIC"."flyway_schema_history" does not exist yet
Jul 18, 2023 10:43:53 PM org.flywaydb.core.internal.command.DbValidate validate
INFO: Successfully validated 4 migrations (execution time 00:00.012s)
Jul 18, 2023 10:43:53 PM org.flywaydb.core.internal.schemahistory.JdbcTableSchemaHistory create
INFO: Creating Schema History table "PUBLIC"."flyway_schema_history" ...
Jul 18, 2023 10:43:53 PM org.flywaydb.core.internal.command.DbMigrate migrateGroup
INFO: Current version of schema "PUBLIC": << Empty Schema >>
Jul 18, 2023 10:43:53 PM org.flywaydb.core.internal.command.DbMigrate doMigrateGroup
INFO: Migrating schema "PUBLIC" to version "1 - Create tables"
Jul 18, 2023 10:43:53 PM org.flywaydb.core.internal.command.DbMigrate doMigrateGroup
INFO: Migrating schema "PUBLIC" to version "2 - Server discovery"
Jul 18, 2023 10:43:53 PM org.flywaydb.core.internal.command.DbMigrate doMigrateGroup
INFO: Migrating schema "PUBLIC" to version "3 - Jar symbols"
Jul 18, 2023 10:43:53 PM org.flywaydb.core.internal.command.DbMigrate doMigrateGroup
INFO: Migrating schema "PUBLIC" to version "4 - Fingerprints"
Jul 18, 2023 10:43:53 PM org.flywaydb.core.internal.command.DbMigrate logSummary
INFO: Successfully applied 4 migrations to schema "PUBLIC", now at version v4 (execution time 00:00.040s)
2023.07.18 22:43:53 INFO  time: initialize in 0.46s
2023.07.18 22:43:55 WARN  Build server is not auto-connectable.
2023.07.18 22:43:55 WARN  no build tool detected in workspace 'E:\Documents\_FunAndProfit\Coursera\Functional Programming with Scala\Functional Programming Principles in Scala\progfun1-example'. The most common cause for this problem is that the editor was opened in the wrong working directory, for example if you use sbt then the workspace directory should contain build.sbt. 
2023.07.18 22:43:55 WARN  no build target for: E:\Documents\_FunAndProfit\Coursera\Functional Programming with Scala\Functional Programming Principles in Scala\progfun1-example\example\src\main\scala\example\Lists.scala
2023.07.18 22:43:57 INFO  no build target found for E:\Documents\_FunAndProfit\Coursera\Functional Programming with Scala\Functional Programming Principles in Scala\progfun1-example\example\src\main\scala\example\Lists.scala. Using presentation compiler with project's scala-library version: 3.2.2
2023.07.18 22:43:58 INFO  time: code lens generation in 3.38s
Jul 18, 2023 10:50:23 PM org.eclipse.lsp4j.jsonrpc.RemoteEndpoint handleCancellation
WARNING: Unmatched cancel notification for request id 748
Jul 18, 2023 10:51:58 PM org.eclipse.lsp4j.jsonrpc.RemoteEndpoint handleCancellation
WARNING: Unmatched cancel notification for request id 965
2023.07.18 22:54:25 WARN  no build target for: E:\Documents\_FunAndProfit\Coursera\Functional Programming with Scala\Functional Programming Principles in Scala\progfun1-example\example\src\main\scala\example\Lists.scala
2023.07.18 22:55:26 WARN  no build target for: E:\Documents\_FunAndProfit\Coursera\Functional Programming with Scala\Functional Programming Principles in Scala\progfun1-example\example\src\main\scala\example\Lists.scala
2023.07.18 22:57:10 WARN  no build target for: E:\Documents\_FunAndProfit\Coursera\Functional Programming with Scala\Functional Programming Principles in Scala\progfun1-example\example\src\main\scala\example\Lists.scala
2023.07.18 22:58:39 WARN  no build target for: E:\Documents\_FunAndProfit\Coursera\Functional Programming with Scala\Functional Programming Principles in Scala\progfun1-example\example\src\main\scala\example\Lists.scala
Exception in thread "pool-3-thread-1" java.lang.InterruptedException
	at scala.meta.internal.metals.FutureCancelToken.checkCanceled(FutureCancelToken.scala:29)
	at scala.meta.internal.pc.CompilerAccess.onCompilerJobQueue$$anonfun$1(CompilerAccess.scala:195)
	at scala.meta.internal.pc.CompilerJobQueue$Job.run(CompilerJobQueue.scala:152)
	at java.base/java.util.concurrent.ThreadPoolExecutor.runWorker(ThreadPoolExecutor.java:1128)
	at java.base/java.util.concurrent.ThreadPoolExecutor$Worker.run(ThreadPoolExecutor.java:628)
	at java.base/java.lang.Thread.run(Thread.java:834)
Exception in thread "pool-3-thread-2" java.lang.InterruptedException
	at scala.meta.internal.metals.FutureCancelToken.checkCanceled(FutureCancelToken.scala:29)
	at scala.meta.internal.pc.CompilerAccess.onCompilerJobQueue$$anonfun$1(CompilerAccess.scala:195)
	at scala.meta.internal.pc.CompilerJobQueue$Job.run(CompilerJobQueue.scala:152)
	at java.base/java.util.concurrent.ThreadPoolExecutor.runWorker(ThreadPoolExecutor.java:1128)
	at java.base/java.util.concurrent.ThreadPoolExecutor$Worker.run(ThreadPoolExecutor.java:628)
	at java.base/java.lang.Thread.run(Thread.java:834)
Exception in thread "pool-3-thread-3" java.lang.InterruptedException
	at scala.meta.internal.metals.FutureCancelToken.checkCanceled(FutureCancelToken.scala:29)
	at scala.meta.internal.pc.CompilerAccess.onCompilerJobQueue$$anonfun$1(CompilerAccess.scala:195)
	at scala.meta.internal.pc.CompilerJobQueue$Job.run(CompilerJobQueue.scala:152)
	at java.base/java.util.concurrent.ThreadPoolExecutor.runWorker(ThreadPoolExecutor.java:1128)
	at java.base/java.util.concurrent.ThreadPoolExecutor$Worker.run(ThreadPoolExecutor.java:628)
	at java.base/java.lang.Thread.run(Thread.java:834)
Exception in thread "pool-3-thread-4" java.lang.InterruptedException
	at scala.meta.internal.metals.FutureCancelToken.checkCanceled(FutureCancelToken.scala:29)
	at scala.meta.internal.pc.CompilerAccess.onCompilerJobQueue$$anonfun$1(CompilerAccess.scala:195)
	at scala.meta.internal.pc.CompilerJobQueue$Job.run(CompilerJobQueue.scala:152)
	at java.base/java.util.concurrent.ThreadPoolExecutor.runWorker(ThreadPoolExecutor.java:1128)
	at java.base/java.util.concurrent.ThreadPoolExecutor$Worker.run(ThreadPoolExecutor.java:628)
	at java.base/java.lang.Thread.run(Thread.java:834)
2023.07.18 23:02:52 WARN  no build target for: E:\Documents\_FunAndProfit\Coursera\Functional Programming with Scala\Functional Programming Principles in Scala\progfun1-example\example\src\main\scala\example\Lists.scala
2023.07.18 23:03:29 WARN  no build target for: E:\Documents\_FunAndProfit\Coursera\Functional Programming with Scala\Functional Programming Principles in Scala\progfun1-example\example\src\main\scala\example\Lists.scala
2023.07.18 23:05:35 WARN  no build target for: E:\Documents\_FunAndProfit\Coursera\Functional Programming with Scala\Functional Programming Principles in Scala\progfun1-example\example\src\main\scala\example\main.sc
2023.07.18 23:05:37 WARN  no build target for: E:\Documents\_FunAndProfit\Coursera\Functional Programming with Scala\Functional Programming Principles in Scala\progfun1-example\example\src\main\scala\example\main.sc
2023.07.18 23:05:37 WARN  no build target for: E:\Documents\_FunAndProfit\Coursera\Functional Programming with Scala\Functional Programming Principles in Scala\progfun1-example\example\src\main\scala\example\main.sc
2023.07.18 23:05:42 WARN  no build target for: E:\Documents\_FunAndProfit\Coursera\Functional Programming with Scala\Functional Programming Principles in Scala\progfun1-example\example\src\main\scala\example\main.scala
2023.07.18 23:06:06 WARN  no build target for: E:\Documents\_FunAndProfit\Coursera\Functional Programming with Scala\Functional Programming Principles in Scala\progfun1-example\example\src\main\scala\example\main.scala
2023.07.18 23:07:23 WARN  no build target for: E:\Documents\_FunAndProfit\Coursera\Functional Programming with Scala\Functional Programming Principles in Scala\progfun1-example\example\src\main\scala\example\main.scala
2023.07.18 23:15:47 WARN  no build target for: E:\Documents\_FunAndProfit\Coursera\Functional Programming with Scala\Functional Programming Principles in Scala\progfun1-example\example\src\test\scala\example\ListsSuite.scala
2023.07.18 23:21:10 WARN  no build target for: E:\Documents\_FunAndProfit\Coursera\Functional Programming with Scala\Functional Programming Principles in Scala\progfun1-example\example\src\test\scala\example\ListsSuite.scala
2023.07.19 10:05:22 WARN  no build target for: E:\Documents\_FunAndProfit\Coursera\Functional Programming with Scala\Functional Programming Principles in Scala\progfun1-example\example\src\test\scala\example\ListsSuite.scala
2023.07.19 10:05:23 WARN  no build target for: E:\Documents\_FunAndProfit\Coursera\Functional Programming with Scala\Functional Programming Principles in Scala\progfun1-example\example\src\test\scala\example\ListsSuite.scala
2023.07.19 10:05:23 WARN  no build target for: E:\Documents\_FunAndProfit\Coursera\Functional Programming with Scala\Functional Programming Principles in Scala\progfun1-example\example\src\test\scala\example\ListsSuite.scala
2023.07.19 10:05:23 WARN  no build target for: E:\Documents\_FunAndProfit\Coursera\Functional Programming with Scala\Functional Programming Principles in Scala\progfun1-example\example\src\test\scala\example\ListsSuite.scala
2023.07.19 10:05:24 WARN  no build target for: E:\Documents\_FunAndProfit\Coursera\Functional Programming with Scala\Functional Programming Principles in Scala\progfun1-example\example\src\test\scala\example\ListsSuite.scala
2023.07.19 10:05:24 WARN  no build target for: E:\Documents\_FunAndProfit\Coursera\Functional Programming with Scala\Functional Programming Principles in Scala\progfun1-example\example\src\test\scala\example\ListsSuite.scala
2023.07.19 10:05:28 WARN  no build target for: E:\Documents\_FunAndProfit\Coursera\Functional Programming with Scala\Functional Programming Principles in Scala\progfun1-example\example\src\test\scala\example\ListsSuite.scala
2023.07.19 10:06:21 WARN  no build target for: E:\Documents\_FunAndProfit\Coursera\Functional Programming with Scala\Functional Programming Principles in Scala\progfun1-example\example\src\test\scala\example\ListsSuite.scala
2023.07.19 10:06:37 WARN  no build target for: E:\Documents\_FunAndProfit\Coursera\Functional Programming with Scala\Functional Programming Principles in Scala\progfun1-example\example\src\test\scala\example\ListsSuite.scala
2023.07.19 10:07:09 WARN  no build target for: E:\Documents\_FunAndProfit\Coursera\Functional Programming with Scala\Functional Programming Principles in Scala\progfun1-example\example\src\test\scala\example\ListsSuite.scala
2023.07.19 10:07:10 WARN  no build target for: E:\Documents\_FunAndProfit\Coursera\Functional Programming with Scala\Functional Programming Principles in Scala\progfun1-example\example\src\test\scala\example\ListsSuite.scala
